warning: Git tree '/home/murphy/system-config' is dirty
building the system configuration...
warning: Git tree '/home/murphy/system-config' is dirty
these 7 derivations will be built:
  /nix/store/gly2zd8czs276zlnr4ygg24b3gd6wrds-config.fish.drv
  /nix/store/60i5xwvq645rbczzpj9f21a24wbfpzla-home-manager-files.drv
  /nix/store/wj0k4dv9fj4mhy0fm48lc27p6p6qkkiz-home-manager-generation.drv
  /nix/store/ry36w0792r6g2vqqy84f1c8gj786ds5m-unit-home-manager-murphy.service.drv
  /nix/store/iljjrlikybr0lsbvdjrzg9d6gwcsy01q-system-units.drv
  /nix/store/gvg5w2dnrc69xhlga531mmfzc3lw82xm-etc.drv
  /nix/store/5sxb5swab3sjlw673dm3n93fwciwcg1f-nixos-system-TARS-24.05.20240416.5672bc9.drv
building '/nix/store/gly2zd8czs276zlnr4ygg24b3gd6wrds-config.fish.drv'...
building '/nix/store/60i5xwvq645rbczzpj9f21a24wbfpzla-home-manager-files.drv'...
building '/nix/store/wj0k4dv9fj4mhy0fm48lc27p6p6qkkiz-home-manager-generation.drv'...
building '/nix/store/ry36w0792r6g2vqqy84f1c8gj786ds5m-unit-home-manager-murphy.service.drv'...
building '/nix/store/iljjrlikybr0lsbvdjrzg9d6gwcsy01q-system-units.drv'...
building '/nix/store/gvg5w2dnrc69xhlga531mmfzc3lw82xm-etc.drv'...
building '/nix/store/5sxb5swab3sjlw673dm3n93fwciwcg1f-nixos-system-TARS-24.05.20240416.5672bc9.drv'...
activating the configuration...
setting up /etc...
reloading user units for murphy...
restarting sysinit-reactivation.target
restarting the following units: home-manager-murphy.service
